<?xml version="1.0" encoding="UTF-8"?>
<testsuite name="com.jojoldu.book.springboot.web.IndexControllerTest" tests="1" skipped="0" failures="0" errors="0" timestamp="2022-04-28T05:47:04" hostname="baeg-eunhuiui-MacBookPro.local" time="0.217">
  <properties/>
  <testcase name="main_loading()" classname="com.jojoldu.book.springboot.web.IndexControllerTest" time="0.217"/>
  <system-out><![CDATA[2022-04-28 14:47:04.154  INFO 1815 --- [    Test worker] .b.t.c.SpringBootTestContextBootstrapper : Neither @ContextConfiguration nor @ContextHierarchy found for test class [com.jojoldu.book.springboot.web.IndexControllerTest], using SpringBootContextLoader
2022-04-28 14:47:04.157  INFO 1815 --- [    Test worker] o.s.t.c.support.AbstractContextLoader    : Could not detect default resource locations for test class [com.jojoldu.book.springboot.web.IndexControllerTest]: no resource found for suffixes {-context.xml, Context.groovy}.
2022-04-28 14:47:04.159  INFO 1815 --- [    Test worker] t.c.s.AnnotationConfigContextLoaderUtils : Could not detect default configuration classes for test class [com.jojoldu.book.springboot.web.IndexControllerTest]: IndexControllerTest does not declare any static, non-private, non-final, nested classes annotated with @Configuration.
2022-04-28 14:47:04.166  INFO 1815 --- [    Test worker] .b.t.c.SpringBootTestContextBootstrapper : Found @SpringBootConfiguration com.jojoldu.book.springboot.Application for test class com.jojoldu.book.springboot.web.IndexControllerTest
2022-04-28 14:47:04.170  INFO 1815 --- [    Test worker] .b.t.c.SpringBootTestContextBootstrapper : Loaded default TestExecutionListener class names from location [META-INF/spring.factories]: [org.springframework.boot.test.autoconfigure.restdocs.RestDocsTestExecutionListener, org.springframework.boot.test.autoconfigure.web.client.MockRestServiceServerResetTestExecutionListener, org.springframework.boot.test.autoconfigure.web.servlet.MockMvcPrintOnlyOnFailureTestExecutionListener, org.springframework.boot.test.autoconfigure.web.servlet.WebDriverTestExecutionListener, org.springframework.boot.test.autoconfigure.webservices.client.MockWebServiceServerTestExecutionListener, org.springframework.boot.test.mock.mockito.MockitoTestExecutionListener, org.springframework.boot.test.mock.mockito.ResetMocksTestExecutionListener, org.springframework.test.context.web.ServletTestExecutionListener, org.springframework.test.context.support.DirtiesContextBeforeModesTestExecutionListener, org.springframework.test.context.event.ApplicationEventsTestExecutionListener, org.springframework.test.context.support.DependencyInjectionTestExecutionListener, org.springframework.test.context.support.DirtiesContextTestExecutionListener, org.springframework.test.context.transaction.TransactionalTestExecutionListener, org.springframework.test.context.jdbc.SqlScriptsTestExecutionListener, org.springframework.test.context.event.EventPublishingTestExecutionListener]
2022-04-28 14:47:04.171  INFO 1815 --- [    Test worker] .b.t.c.SpringBootTestContextBootstrapper : Using TestExecutionListeners: [org.springframework.test.context.web.ServletTestExecutionListener@49ee11d4, org.springframework.test.context.support.DirtiesContextBeforeModesTestExecutionListener@5205be09, org.springframework.test.context.event.ApplicationEventsTestExecutionListener@540765da, org.springframework.boot.test.mock.mockito.MockitoTestExecutionListener@2c2e3d06, org.springframework.boot.test.autoconfigure.SpringBootDependencyInjectionTestExecutionListener@15f7e9e6, org.springframework.test.context.support.DirtiesContextTestExecutionListener@6afdf8a7, org.springframework.test.context.transaction.TransactionalTestExecutionListener@53b6997, org.springframework.test.context.jdbc.SqlScriptsTestExecutionListener@58a0b23b, org.springframework.test.context.event.EventPublishingTestExecutionListener@7232c810, org.springframework.boot.test.autoconfigure.restdocs.RestDocsTestExecutionListener@778f2e31, org.springframework.boot.test.autoconfigure.web.client.MockRestServiceServerResetTestExecutionListener@29a68686, org.springframework.boot.test.autoconfigure.web.servlet.MockMvcPrintOnlyOnFailureTestExecutionListener@744ad8e3, org.springframework.boot.test.autoconfigure.web.servlet.WebDriverTestExecutionListener@105cfc32, org.springframework.boot.test.autoconfigure.webservices.client.MockWebServiceServerTestExecutionListener@1eacb6ae, org.springframework.boot.test.mock.mockito.ResetMocksTestExecutionListener@323814b]
Hibernate: select posts0_.id as id1_0_, posts0_.created_date as created_2_0_, posts0_.modified_date as modified3_0_, posts0_.author as author4_0_, posts0_.content as content5_0_, posts0_.title as title6_0_ from posts posts0_ order by posts0_.id DESC
]]></system-out>
  <system-err><![CDATA[]]></system-err>
</testsuite>
