<?xml version="1.0" encoding="UTF-8"?>
<testsuite name="com.jojoldu.book.springboot.web.dto.HelloResponseDtoTest" tests="1" skipped="0" failures="0" errors="0" timestamp="2022-04-28T05:58:59" hostname="baeg-eunhuiui-MacBookPro.local" time="0.08">
  <properties/>
  <testcase name="lombok_test()" classname="com.jojoldu.book.springboot.web.dto.HelloResponseDtoTest" time="0.08"/>
  <system-out><![CDATA[]]></system-out>
  <system-err><![CDATA[]]></system-err>
</testsuite>
