<?xml version="1.0" encoding="UTF-8"?>
<testsuite name="com.jojoldu.book.springboot.web.HelloControllerTest" tests="2" skipped="0" failures="0" errors="0" timestamp="2022-04-28T06:11:42" hostname="baeg-eunhuiui-MacBookPro.local" time="0.104">
  <properties/>
  <testcase name="return_helloDto()" classname="com.jojoldu.book.springboot.web.HelloControllerTest" time="0.09"/>
  <testcase name="return_hello()" classname="com.jojoldu.book.springboot.web.HelloControllerTest" time="0.012"/>
  <system-out><![CDATA[2022-04-28 15:11:41.028  INFO 2206 --- [    Test worker] .b.t.a.w.s.WebMvcTestContextBootstrapper : Neither @ContextConfiguration nor @ContextHierarchy found for test class [com.jojoldu.book.springboot.web.HelloControllerTest], using SpringBootContextLoader
2022-04-28 15:11:41.029  INFO 2206 --- [    Test worker] o.s.t.c.support.AbstractContextLoader    : Could not detect default resource locations for test class [com.jojoldu.book.springboot.web.HelloControllerTest]: no resource found for suffixes {-context.xml, Context.groovy}.
2022-04-28 15:11:41.029  INFO 2206 --- [    Test worker] t.c.s.AnnotationConfigContextLoaderUtils : Could not detect default configuration classes for test class [com.jojoldu.book.springboot.web.HelloControllerTest]: HelloControllerTest does not declare any static, non-private, non-final, nested classes annotated with @Configuration.
2022-04-28 15:11:41.056  INFO 2206 --- [    Test worker] .b.t.c.SpringBootTestContextBootstrapper : Found @SpringBootConfiguration com.jojoldu.book.springboot.Application for test class com.jojoldu.book.springboot.web.HelloControllerTest
2022-04-28 15:11:41.061  INFO 2206 --- [    Test worker] .b.t.a.w.s.WebMvcTestContextBootstrapper : Loaded default TestExecutionListener class names from location [META-INF/spring.factories]: [org.springframework.security.test.context.support.WithSecurityContextTestExecutionListener, org.springframework.security.test.context.support.ReactorContextTestExecutionListener, org.springframework.boot.test.autoconfigure.restdocs.RestDocsTestExecutionListener, org.springframework.boot.test.autoconfigure.web.client.MockRestServiceServerResetTestExecutionListener, org.springframework.boot.test.autoconfigure.web.servlet.MockMvcPrintOnlyOnFailureTestExecutionListener, org.springframework.boot.test.autoconfigure.web.servlet.WebDriverTestExecutionListener, org.springframework.boot.test.autoconfigure.webservices.client.MockWebServiceServerTestExecutionListener, org.springframework.boot.test.mock.mockito.MockitoTestExecutionListener, org.springframework.boot.test.mock.mockito.ResetMocksTestExecutionListener, org.springframework.test.context.web.ServletTestExecutionListener, org.springframework.test.context.support.DirtiesContextBeforeModesTestExecutionListener, org.springframework.test.context.event.ApplicationEventsTestExecutionListener, org.springframework.test.context.support.DependencyInjectionTestExecutionListener, org.springframework.test.context.support.DirtiesContextTestExecutionListener, org.springframework.test.context.transaction.TransactionalTestExecutionListener, org.springframework.test.context.jdbc.SqlScriptsTestExecutionListener, org.springframework.test.context.event.EventPublishingTestExecutionListener]
2022-04-28 15:11:41.061  INFO 2206 --- [    Test worker] .b.t.a.w.s.WebMvcTestContextBootstrapper : Using TestExecutionListeners: [org.springframework.test.context.web.ServletTestExecutionListener@67dc20b7, org.springframework.test.context.support.DirtiesContextBeforeModesTestExecutionListener@3bfa78c4, org.springframework.test.context.event.ApplicationEventsTestExecutionListener@26e4504e, org.springframework.boot.test.mock.mockito.MockitoTestExecutionListener@234e2cda, org.springframework.boot.test.autoconfigure.SpringBootDependencyInjectionTestExecutionListener@2511699c, org.springframework.test.context.support.DirtiesContextTestExecutionListener@4d4519a2, org.springframework.test.context.transaction.TransactionalTestExecutionListener@49274664, org.springframework.test.context.jdbc.SqlScriptsTestExecutionListener@1b5d8b66, org.springframework.security.test.context.support.WithSecurityContextTestExecutionListener@352e4c18, org.springframework.test.context.event.EventPublishingTestExecutionListener@5043db16, org.springframework.security.test.context.support.ReactorContextTestExecutionListener@23a4a31c, org.springframework.boot.test.autoconfigure.restdocs.RestDocsTestExecutionListener@54d50ab5, org.springframework.boot.test.autoconfigure.web.client.MockRestServiceServerResetTestExecutionListener@135cd2bb, org.springframework.boot.test.autoconfigure.web.servlet.MockMvcPrintOnlyOnFailureTestExecutionListener@5d8920ad, org.springframework.boot.test.autoconfigure.web.servlet.WebDriverTestExecutionListener@5bb3d443, org.springframework.boot.test.autoconfigure.webservices.client.MockWebServiceServerTestExecutionListener@274fed22, org.springframework.boot.test.mock.mockito.ResetMocksTestExecutionListener@52733a7a]

  .   ____          _            __ _ _
 /\\ / ___'_ __ _ _(_)_ __  __ _ \ \ \ \
( ( )\___ | '_ | '_| | '_ \/ _` | \ \ \ \
 \\/  ___)| |_)| | | | | || (_| |  ) ) ) )
  '  |____| .__|_| |_|_| |_\__, | / / / /
 =========|_|==============|___/=/_/_/_/
 :: Spring Boot ::                (v2.6.6)

2022-04-28 15:11:41.127  INFO 2206 --- [    Test worker] c.j.b.s.web.HelloControllerTest          : Starting HelloControllerTest using Java 11.0.14 on baeg-eunhuiui-MacBookPro.local with PID 2206 (started by beak-eunhee in /Users/baek-eunhee/eunhee/study/project/freelec-springboot2-webservice)
2022-04-28 15:11:41.127  INFO 2206 --- [    Test worker] c.j.b.s.web.HelloControllerTest          : No active profile set, falling back to 1 default profile: "default"
2022-04-28 15:11:41.690  INFO 2206 --- [    Test worker] o.s.b.a.w.s.WelcomePageHandlerMapping    : Adding welcome page template: index
2022-04-28 15:11:42.033  INFO 2206 --- [    Test worker] o.s.s.web.DefaultSecurityFilterChain     : Will not secure any request
2022-04-28 15:11:42.122  INFO 2206 --- [    Test worker] o.s.b.t.m.w.SpringBootMockServletContext : Initializing Spring TestDispatcherServlet ''
2022-04-28 15:11:42.123  INFO 2206 --- [    Test worker] o.s.t.web.servlet.TestDispatcherServlet  : Initializing Servlet ''
2022-04-28 15:11:42.123  INFO 2206 --- [    Test worker] o.s.t.web.servlet.TestDispatcherServlet  : Completed initialization in 0 ms
2022-04-28 15:11:42.148  INFO 2206 --- [    Test worker] c.j.b.s.web.HelloControllerTest          : Started HelloControllerTest in 1.078 seconds (JVM running for 11.999)
]]></system-out>
  <system-err><![CDATA[]]></system-err>
</testsuite>
